<?xml version="1.0" encoding="UTF-8"?>
<!-- Generated by org.testng.reporters.JUnitXMLReporter -->
<testsuite hostname="LAPTOP-KN1EE0UE" name="Default test" tests="5" failures="0" timestamp="1 Aug 2016 04:57:23 GMT" time="63.367" errors="0">
  <testcase name="launchApp" time="1.93" classname="com.myid.albumtest.LocalBrowse"/>
  <testcase name="swipeGuidePage" time="7.027" classname="com.myid.albumtest.LocalBrowse"/>
  <testcase name="login" time="17.73" classname="com.myid.albumtest.LocalBrowse"/>
  <testcase name="downLoadToLocal" time="14.16" classname="com.myid.albumtest.LocalBrowse"/>
  <testcase name="deletePic" time="8.226" classname="com.myid.albumtest.LocalBrowse"/>
</testsuite> <!-- Default test -->
